Arguments: 
  D:\node\node.exe C:\Users\27266\AppData\Roaming\npm\node_modules\yarn\bin\yarn.js add ~taro-ui/dist/style/components/card.scss --silent --no-progress

PATH: 
  D:\node\node_modules\npm\node_modules\npm-lifecycle\node-gyp-bin;f:\kangaroo-admin-app\node_modules\.bin;D:\node\node_modules\npm\node_modules\npm-lifecycle\node-gyp-bin;f:\kangaroo-admin-app\node_modules\.bin;F:\xshell\;F:\xftp\;C:\WINDOWS\system32;C:\WINDOWS;C:\WINDOWS\System32\Wbem;C:\WINDOWS\System32\WindowsPowerShell\v1.0\;D:\node\;G:\git\Git\cmd;C:\Users\27266\AppData\Roaming\npm;C:\WINDOWS\System32\OpenSSH\;C:\Program Files\MySQL\MySQL Shell 8.0\bin\;C:\Users\27266\AppData\Roaming\npm;D:\vscode\Microsoft VS Code\bin;%USERPROFILE%\AppData\Local\Microsoft\WindowsApps;

Yarn version: 
  1.21.1

Node version: 
  12.13.1

Platform: 
  win32 x64

Trace: 
  Error: https://registry.npm.taobao.org/~taro-ui%2fdist/style/components/card.scss: [not_found] document not found
      at Request.params.callback [as _callback] (C:\Users\27266\AppData\Roaming\npm\node_modules\yarn\lib\cli.js:66947:18)
      at Request.self.callback (C:\Users\27266\AppData\Roaming\npm\node_modules\yarn\lib\cli.js:140665:22)
      at Request.emit (events.js:210:5)
      at Request.<anonymous> (C:\Users\27266\AppData\Roaming\npm\node_modules\yarn\lib\cli.js:141637:10)
      at Request.emit (events.js:210:5)
      at Gunzip.<anonymous> (C:\Users\27266\AppData\Roaming\npm\node_modules\yarn\lib\cli.js:141559:12)
      at Object.onceWrapper (events.js:299:28)
      at Gunzip.emit (events.js:215:7)
      at endReadableNT (_stream_readable.js:1184:12)
      at processTicksAndRejections (internal/process/task_queues.js:80:21)

npm manifest: 
  {
    "name": "kangaroo-admin-app",
    "version": "1.0.0",
    "private": true,
    "description": "袋鼠空间管理app",
    "templateInfo": {
      "name": "default",
      "typescript": false,
      "css": "sass"
    },
    "scripts": {
      "build:weapp": "taro build --type weapp",
      "build:swan": "taro build --type swan",
      "build:alipay": "taro build --type alipay",
      "build:tt": "taro build --type tt",
      "build:h5": "taro build --type h5",
      "build:rn": "taro build --type rn",
      "build:qq": "taro build --type qq",
      "build:quickapp": "taro build --type quickapp",
      "dev:weapp": "npm run build:weapp -- --watch",
      "dev:swan": "npm run build:swan -- --watch",
      "dev:alipay": "npm run build:alipay -- --watch",
      "dev:tt": "npm run build:tt -- --watch",
      "dev:h5": "npm run build:h5 -- --watch",
      "dev:rn": "npm run build:rn -- --watch",
      "dev:qq": "npm run build:qq -- --watch",
      "dev:quickapp": "npm run build:quickapp -- --watch"
    },
    "author": "",
    "license": "MIT",
    "dependencies": {
      "@tarojs/components": "1.3.30",
      "@tarojs/components-qa": "1.3.30",
      "@tarojs/router": "1.3.30",
      "@tarojs/taro": "1.3.30",
      "@tarojs/taro-alipay": "1.3.30",
      "@tarojs/taro-h5": "1.3.30",
      "@tarojs/taro-qq": "1.3.30",
      "@tarojs/taro-quickapp": "1.3.30",
      "@tarojs/taro-swan": "1.3.30",
      "@tarojs/taro-tt": "1.3.30",
      "@tarojs/taro-weapp": "1.3.30",
      "nervjs": "^1.5.5",
      "nerv-devtools": "^1.5.5"
    },
    "devDependencies": {
      "@types/react": "^16.4.6",
      "@types/webpack-env": "^1.13.6",
      "@tarojs/plugin-babel": "1.3.30",
      "@tarojs/plugin-csso": "1.3.30",
      "@tarojs/plugin-sass": "1.3.30",
      "@tarojs/plugin-uglifyjs": "1.3.30",
      "@tarojs/webpack-runner": "1.3.30",
      "babel-plugin-transform-class-properties": "^6.24.1",
      "babel-plugin-transform-decorators-legacy": "^1.3.4",
      "babel-plugin-transform-jsx-stylesheet": "^0.6.5",
      "babel-plugin-transform-object-rest-spread": "^6.26.0",
      "babel-preset-env": "^1.6.1",
      "babel-eslint": "^8.2.3",
      "eslint": "^5.16.0",
      "eslint-config-taro": "1.3.30",
      "eslint-plugin-react": "^7.8.2",
      "eslint-plugin-react-hooks": "^1.6.1",
      "eslint-plugin-import": "^2.12.0",
      "stylelint": "9.3.0",
      "stylelint-config-taro-rn": "1.3.30",
      "stylelint-taro-rn": "1.3.30",
      "eslint-plugin-taro": "1.3.30"
    }
  }

yarn manifest: 
  No manifest

Lockfile: 
  No lockfile
